# JRE version: OpenJDK Runtime Environment Corretto-21.0.3.9.1 (21.0.3+9) (build 21.0.3+9-LTS)
# Java VM: OpenJDK 64-Bit Server VM Corretto-21.0.3.9.1 (21.0.3+9-LTS, mixed mode, sharing, tiered, compressed oops, compressed class ptrs, g1 gc, linux-amd64)
GC Precious Log:
 CardTable entry size: 512
 Card Set container configuration: InlinePtr #cards 5 size 8 Array Of Cards #cards 12 size 40 Howl #buckets 4 coarsen threshold 1843 Howl Bitmap #cards 512 size 80 coarsen threshold 460 Card regions per heap region 1 cards per card region 2048
 CPUs: 2 total, 2 available
 Memory: 11905M
 Large Page Support: Disabled
 NUMA Support: Disabled
 Compressed Oops: Enabled (32-bit)
 Heap Region Size: 1M
 Heap Min Capacity: 256M
 Heap Initial Capacity: 256M
 Heap Max Capacity: 512M
 Pre-touch: Disabled
 Parallel Workers: 2
 Concurrent Workers: 1
 Concurrent Refinement Workers: 2
 Periodic GC: Disabled
Heap:
 garbage-first heap   total 262144K, used 78336K [0x00000000e0000000, 0x0000000100000000)
  region size 1024K, 26 young (26624K), 14 survivors (14336K)
 Metaspace       used 73016K, committed 75136K, reserved 393216K
  class space    used 10460K, committed 11520K, reserved 327680K
GC Heap History (20 events):
Event: 2.960 GC heap before
{Heap before GC invocations=3 (full 0):
 garbage-first heap   total 264192K, used 37570K [0x00000000e0000000, 0x0000000100000000)
  region size 1024K, 26 young (26624K), 1 survivors (1024K)
 Metaspace       used 5860K, committed 6144K, reserved 393216K
  class space    used 779K, committed 896K, reserved 327680K
}
Event: 2.968 GC heap after
{Heap after GC invocations=4 (full 0):
 garbage-first heap   total 264192K, used 16931K [0x00000000e0000000, 0x0000000100000000)
  region size 1024K, 4 young (4096K), 4 survivors (4096K)
 Metaspace       used 5860K, committed 6144K, reserved 393216K
  class space    used 779K, committed 896K, reserved 327680K
}
Event: 6.601 GC heap before
{Heap before GC invocations=4 (full 0):
 garbage-first heap   total 264192K, used 61987K [0x00000000e0000000, 0x0000000100000000)
  region size 1024K, 49 young (50176K), 4 survivors (4096K)
 Metaspace       used 15360K, committed 15872K, reserved 393216K
  class space    used 2138K, committed 2368K, reserved 327680K
}
Event: 6.634 GC heap after
{Heap after GC invocations=5 (full 0):
 garbage-first heap   total 264192K, used 20986K [0x00000000e0000000, 0x0000000100000000)
  region size 1024K, 4 young (4096K), 4 survivors (4096K)
 Metaspace       used 15360K, committed 15872K, reserved 393216K
  class space    used 2138K, committed 2368K, reserved 327680K
}
Event: 9.426 GC heap before
{Heap before GC invocations=5 (full 0):
 garbage-first heap   total 264192K, used 59898K [0x00000000e0000000, 0x0000000100000000)
  region size 1024K, 43 young (44032K), 4 survivors (4096K)
 Metaspace       used 20736K, committed 21504K, reserved 393216K
  class space    used 3056K, committed 3456K, reserved 327680K
}
Event: 9.471 GC heap after
{Heap after GC invocations=6 (full 0):
 garbage-first heap   total 264192K, used 23815K [0x00000000e0000000, 0x0000000100000000)
  region size 1024K, 3 young (3072K), 3 survivors (3072K)
 Metaspace       used 20736K, committed 21504K, reserved 393216K
  class space    used 3056K, committed 3456K, reserved 327680K
}
Event: 12.896 GC heap before
{Heap before GC invocations=7 (full 0):
 garbage-first heap   total 262144K, used 75015K [0x00000000e0000000, 0x0000000100000000)
  region size 1024K, 53 young (54272K), 3 survivors (3072K)
 Metaspace       used 27861K, committed 28992K, reserved 393216K
  class space    used 4219K, committed 4800K, reserved 327680K
}
Event: 12.958 GC heap after
{Heap after GC invocations=8 (full 0):
 garbage-first heap   total 262144K, used 26510K [0x00000000e0000000, 0x0000000100000000)
  region size 1024K, 6 young (6144K), 6 survivors (6144K)
 Metaspace       used 27861K, committed 28992K, reserved 393216K
  class space    used 4219K, committed 4800K, reserved 327680K
}
Event: 15.856 GC heap before
{Heap before GC invocations=8 (full 0):
 garbage-first heap   total 262144K, used 82830K [0x00000000e0000000, 0x0000000100000000)
  region size 1024K, 58 young (59392K), 6 survivors (6144K)
 Metaspace       used 34851K, committed 36096K, reserved 393216K
  class space    used 4922K, committed 5568K, reserved 327680K
}
Event: 15.931 GC heap after
{Heap after GC invocations=9 (full 0):
 garbage-first heap   total 262144K, used 33617K [0x00000000e0000000, 0x0000000100000000)
  region size 1024K, 11 young (11264K), 11 survivors (11264K)
 Metaspace       used 34851K, committed 36096K, reserved 393216K
  class space    used 4922K, committed 5568K, reserved 327680K
}
Event: 16.006 GC heap before
{Heap before GC invocations=9 (full 0):
 garbage-first heap   total 262144K, used 34641K [0x00000000e0000000, 0x0000000100000000)
  region size 1024K, 13 young (13312K), 11 survivors (11264K)
 Metaspace       used 35192K, committed 36416K, reserved 393216K
  class space    used 4939K, committed 5568K, reserved 327680K
}
Event: 16.056 GC heap after
{Heap after GC invocations=10 (full 0):
 garbage-first heap   total 262144K, used 31600K [0x00000000e0000000, 0x0000000100000000)
  region size 1024K, 6 young (6144K), 6 survivors (6144K)
 Metaspace       used 35192K, committed 36416K, reserved 393216K
  class space    used 4939K, committed 5568K, reserved 327680K
}
Event: 24.817 GC heap before
{Heap before GC invocations=11 (full 0):
 garbage-first heap   total 262144K, used 182128K [0x00000000e0000000, 0x0000000100000000)
  region size 1024K, 139 young (142336K), 6 survivors (6144K)
 Metaspace       used 51352K, committed 53056K, reserved 393216K
  class space    used 7319K, committed 8192K, reserved 327680K
}
Event: 24.855 GC heap after
{Heap after GC invocations=12 (full 0):
 garbage-first heap   total 262144K, used 53104K [0x00000000e0000000, 0x0000000100000000)
  region size 1024K, 15 young (15360K), 15 survivors (15360K)
 Metaspace       used 51352K, committed 53056K, reserved 393216K
  class space    used 7319K, committed 8192K, reserved 327680K
}
Event: 27.450 GC heap before
{Heap before GC invocations=12 (full 0):
 garbage-first heap   total 262144K, used 125808K [0x00000000e0000000, 0x0000000100000000)
  region size 1024K, 87 young (89088K), 15 survivors (15360K)
 Metaspace       used 59296K, committed 61120K, reserved 393216K
  class space    used 8484K, committed 9408K, reserved 327680K
}
Event: 27.594 GC heap after
{Heap after GC invocations=13 (full 0):
 garbage-first heap   total 262144K, used 57344K [0x00000000e0000000, 0x0000000100000000)
  region size 1024K, 4 young (4096K), 4 survivors (4096K)
 Metaspace       used 59296K, committed 61120K, reserved 393216K
  class space    used 8484K, committed 9408K, reserved 327680K
}
Event: 27.823 GC heap before
{Heap before GC invocations=13 (full 0):
 garbage-first heap   total 262144K, used 61440K [0x00000000e0000000, 0x0000000100000000)
  region size 1024K, 9 young (9216K), 4 survivors (4096K)
 Metaspace       used 59657K, committed 61440K, reserved 393216K
  class space    used 8522K, committed 9408K, reserved 327680K
}
Event: 27.843 GC heap after
{Heap after GC invocations=14 (full 0):
 garbage-first heap   total 262144K, used 57344K [0x00000000e0000000, 0x0000000100000000)
  region size 1024K, 4 young (4096K), 4 survivors (4096K)
 Metaspace       used 59657K, committed 61440K, reserved 393216K
  class space    used 8522K, committed 9408K, reserved 327680K
}
Event: 229.207 GC heap before
{Heap before GC invocations=15 (full 0):
 garbage-first heap   total 262144K, used 208896K [0x00000000e0000000, 0x0000000100000000)
  region size 1024K, 153 young (156672K), 4 survivors (4096K)
 Metaspace       used 72734K, committed 74816K, reserved 393216K
  class space    used 10440K, committed 11456K, reserved 327680K
}
Event: 229.257 GC heap after
{Heap after GC invocations=16 (full 0):
 garbage-first heap   total 262144K, used 67072K [0x00000000e0000000, 0x0000000100000000)
  region size 1024K, 14 young (14336K), 14 survivors (14336K)
 Metaspace       used 72734K, committed 74816K, reserved 393216K
  class space    used 10440K, committed 11456K, reserved 327680K
}

